[{"id":"signing screen with email and password validation","keyword":"Feature","line":1,"name":"Signing Screen with Email and Password Validation","uri":"/Users/felipepassos/Documents/github/flutter_bdd/./integration_test/features/signin.feature","elements":[{"keyword":"Scenario","type":"scenario","id":"signing screen with email and password validation;user enters valid email and password and signs in successfully","name":"User enters valid email and password and signs in successfully","line":1,"status":"failed","steps":[{"keyword":null,"name":"Unnamed","line":0,"match":{"location":"null:0"},"result":{"status":"failed","duration":0,"error_message":"GherkinStepNotDefinedException: Step definition not found for text: `Then the user is signed in successfully`\n\n#0      GherkinIntegrationTestRunner.runStep (package:flutter_gherkin/src/flutter/runners/gherkin_integration_test_runner.dart:337:9)\n#1      _CustomGherkinIntegrationTestRunner.testFeature0.<anonymous closure>.<anonymous closure> (file:///Users/felipepassos/Documents/github/flutter_bdd/integration_test/gherkin_suite_test.g.dart:83:28)\n#2      GherkinIntegrationTestRunner.runScenario.<anonymous closure> (package:flutter_gherkin/src/flutter/runners/gherkin_integration_test_runner.dart:224:46)\n<asynchronous suspension>\n#3      testWidgets.<anonymous closure>.<anonymous closure> (package:flutter_test/src/widget_tester.dart:171:15)\n<asynchronous suspension>\n#4      TestWidgetsFlutterBinding._runTestBody (package:flutter_test/src/binding.dart:935:5)\n<asynchronous suspension>\n"},"embeddings":[{"mime_type":"text/plain","data":"Failed to take screenshot\nMissingPluginException(No implementation found for method captureScreenshot on channel plugins.flutter.io/integration_test)\n#0      MethodChannel._invokeMethod (package:flutter/src/services/platform_channel.dart:313:7)\n<asynchronous suspension>\n#1      IOCallbackManager.takeScreenshot (package:integration_test/_callback_io.dart:94:33)\n<asynchronous suspension>\n#2      IntegrationTestWidgetsFlutterBinding.takeScreenshot (package:integration_test/integration_test.dart:190:39)\n<asynchronous suspension>\n#3      WidgetTesterAppDriverAdapter.screenshot (package:flutter_gherkin/src/flutter/adapters/widget_tester_app_driver_adapter.dart:113:14)\n<asynchronous suspension>\n#4      AttachScreenshotOnFailedStepHook._takeScreenshot (package:flutter_gherkin/src/flutter/hooks/attach_screenshot_on_failed_step_hook.dart:26:19)\n<asynchronous suspension>\n#5      AttachScreenshotOnFailedStepHook.onAfterStep (package:flutter_gherkin/src/flutter/hooks/attach_screenshot_on_failed_step_hook.dart:17:32)\n<asynchronous suspension>\n#6      AggregatedHook._invokeHooks (package:gherkin/src/hooks/aggregated_hook.dart:94:9)\n<asynchronous suspension>\n#7      GherkinIntegrationTestRunner._onAfterStepRun (package:flutter_gherkin/src/flutter/runners/gherkin_integration_test_runner.dart:478:5)\n<asynchronous suspension>\n#8      GherkinIntegrationTestRunner.runStep (package:flutter_gherkin/src/flutter/runners/gherkin_integration_test_runner.dart:386:5)\n<asynchronous suspension>\n#9      _CustomGherkinIntegrationTestRunner.testFeature0.<anonymous closure>.<anonymous closure> (file:///Users/felipepassos/Documents/github/flutter_bdd/integration_test/gherkin_suite_test.g.dart:83:22)\n<asynchronous suspension>\n#10     GherkinIntegrationTestRunner.runScenario.<anonymous closure> (package:flutter_gherkin/src/flutter/runners/gherkin_integration_test_runner.dart:224:32)\n<asynchronous suspension>\n#11     testWidgets.<anonymous closure>.<anonymous closure> (package:flutter_test/src/widget_tester.dart:171:15)\n<asynchronous suspension>\n#12     TestWidgetsFlutterBinding._runTestBody (package:flutter_test/src/binding.dart:935:5)\n<asynchronous suspension>\n"},{"mime_type":"text/plain","data":"Failed to take screenshot\nMissingPluginException(No implementation found for method captureScreenshot on channel plugins.flutter.io/integration_test)\n#0      MethodChannel._invokeMethod (package:flutter/src/services/platform_channel.dart:313:7)\n<asynchronous suspension>\n#1      IOCallbackManager.takeScreenshot (package:integration_test/_callback_io.dart:94:33)\n<asynchronous suspension>\n#2      IntegrationTestWidgetsFlutterBinding.takeScreenshot (package:integration_test/integration_test.dart:190:39)\n<asynchronous suspension>\n#3      WidgetTesterAppDriverAdapter.screenshot (package:flutter_gherkin/src/flutter/adapters/widget_tester_app_driver_adapter.dart:113:14)\n<asynchronous suspension>\n#4      takeScreenshot (file:///Users/felipepassos/Documents/github/flutter_bdd/integration_test/gherkin/hooks/attach_screenshot_after_step_hook.dart:25:17)\n<asynchronous suspension>\n#5      AttachScreenshotAfterStepHook.onAfterStep (file:///Users/felipepassos/Documents/github/flutter_bdd/integration_test/gherkin/hooks/attach_screenshot_after_step_hook.dart:14:30)\n<asynchronous suspension>\n#6      AggregatedHook._invokeHooks (package:gherkin/src/hooks/aggregated_hook.dart:94:9)\n<asynchronous suspension>\n#7      GherkinIntegrationTestRunner._onAfterStepRun (package:flutter_gherkin/src/flutter/runners/gherkin_integration_test_runner.dart:478:5)\n<asynchronous suspension>\n#8      GherkinIntegrationTestRunner.runStep (package:flutter_gherkin/src/flutter/runners/gherkin_integration_test_runner.dart:386:5)\n<asynchronous suspension>\n#9      _CustomGherkinIntegrationTestRunner.testFeature0.<anonymous closure>.<anonymous closure> (file:///Users/felipepassos/Documents/github/flutter_bdd/integration_test/gherkin_suite_test.g.dart:83:22)\n<asynchronous suspension>\n#10     GherkinIntegrationTestRunner.runScenario.<anonymous closure> (package:flutter_gherkin/src/flutter/runners/gherkin_integration_test_runner.dart:224:32)\n<asynchronous suspension>\n#11     testWidgets.<anonymous closure>.<anonymous closure> (package:flutter_test/src/widget_tester.dart:171:15)\n<asynchronous suspension>\n#12     TestWidgetsFlutterBinding._runTestBody (package:flutter_test/src/binding.dart:935:5)\n<asynchronous suspension>\n"}]}]},{"keyword":"Scenario","type":"scenario","id":"signing screen with email and password validation;user enters invalid email or password and sees an error message","name":"User enters invalid email or password and sees an error message","line":1,"status":"failed","steps":[{"keyword":null,"name":"Unnamed","line":0,"match":{"location":"null:0"},"result":{"status":"failed","duration":0,"error_message":"GherkinStepNotDefinedException: Step definition not found for text: `Then the user sees an error message that the email or password is incorrect`\n\n#0      GherkinIntegrationTestRunner.runStep (package:flutter_gherkin/src/flutter/runners/gherkin_integration_test_runner.dart:337:9)\n#1      _CustomGherkinIntegrationTestRunner.testFeature0.<anonymous closure>.<anonymous closure> (file:///Users/felipepassos/Documents/github/flutter_bdd/integration_test/gherkin_suite_test.g.dart:149:28)\n#2      GherkinIntegrationTestRunner.runScenario.<anonymous closure> (package:flutter_gherkin/src/flutter/runners/gherkin_integration_test_runner.dart:224:46)\n<asynchronous suspension>\n#3      testWidgets.<anonymous closure>.<anonymous closure> (package:flutter_test/src/widget_tester.dart:171:15)\n<asynchronous suspension>\n#4      TestWidgetsFlutterBinding._runTestBody (package:flutter_test/src/binding.dart:935:5)\n<asynchronous suspension>\n"},"embeddings":[{"mime_type":"text/plain","data":"Failed to take screenshot\nMissingPluginException(No implementation found for method captureScreenshot on channel plugins.flutter.io/integration_test)\n#0      MethodChannel._invokeMethod (package:flutter/src/services/platform_channel.dart:313:7)\n<asynchronous suspension>\n#1      IOCallbackManager.takeScreenshot (package:integration_test/_callback_io.dart:94:33)\n<asynchronous suspension>\n#2      IntegrationTestWidgetsFlutterBinding.takeScreenshot (package:integration_test/integration_test.dart:190:39)\n<asynchronous suspension>\n#3      WidgetTesterAppDriverAdapter.screenshot (package:flutter_gherkin/src/flutter/adapters/widget_tester_app_driver_adapter.dart:113:14)\n<asynchronous suspension>\n#4      AttachScreenshotOnFailedStepHook._takeScreenshot (package:flutter_gherkin/src/flutter/hooks/attach_screenshot_on_failed_step_hook.dart:26:19)\n<asynchronous suspension>\n#5      AttachScreenshotOnFailedStepHook.onAfterStep (package:flutter_gherkin/src/flutter/hooks/attach_screenshot_on_failed_step_hook.dart:17:32)\n<asynchronous suspension>\n#6      AggregatedHook._invokeHooks (package:gherkin/src/hooks/aggregated_hook.dart:94:9)\n<asynchronous suspension>\n#7      GherkinIntegrationTestRunner._onAfterStepRun (package:flutter_gherkin/src/flutter/runners/gherkin_integration_test_runner.dart:478:5)\n<asynchronous suspension>\n#8      GherkinIntegrationTestRunner.runStep (package:flutter_gherkin/src/flutter/runners/gherkin_integration_test_runner.dart:386:5)\n<asynchronous suspension>\n#9      _CustomGherkinIntegrationTestRunner.testFeature0.<anonymous closure>.<anonymous closure> (file:///Users/felipepassos/Documents/github/flutter_bdd/integration_test/gherkin_suite_test.g.dart:149:22)\n<asynchronous suspension>\n#10     GherkinIntegrationTestRunner.runScenario.<anonymous closure> (package:flutter_gherkin/src/flutter/runners/gherkin_integration_test_runner.dart:224:32)\n<asynchronous suspension>\n#11     testWidgets.<anonymous closure>.<anonymous closure> (package:flutter_test/src/widget_tester.dart:171:15)\n<asynchronous suspension>\n#12     TestWidgetsFlutterBinding._runTestBody (package:flutter_test/src/binding.dart:935:5)\n<asynchronous suspension>\n"},{"mime_type":"text/plain","data":"Failed to take screenshot\nMissingPluginException(No implementation found for method captureScreenshot on channel plugins.flutter.io/integration_test)\n#0      MethodChannel._invokeMethod (package:flutter/src/services/platform_channel.dart:313:7)\n<asynchronous suspension>\n#1      IOCallbackManager.takeScreenshot (package:integration_test/_callback_io.dart:94:33)\n<asynchronous suspension>\n#2      IntegrationTestWidgetsFlutterBinding.takeScreenshot (package:integration_test/integration_test.dart:190:39)\n<asynchronous suspension>\n#3      WidgetTesterAppDriverAdapter.screenshot (package:flutter_gherkin/src/flutter/adapters/widget_tester_app_driver_adapter.dart:113:14)\n<asynchronous suspension>\n#4      takeScreenshot (file:///Users/felipepassos/Documents/github/flutter_bdd/integration_test/gherkin/hooks/attach_screenshot_after_step_hook.dart:25:17)\n<asynchronous suspension>\n#5      AttachScreenshotAfterStepHook.onAfterStep (file:///Users/felipepassos/Documents/github/flutter_bdd/integration_test/gherkin/hooks/attach_screenshot_after_step_hook.dart:14:30)\n<asynchronous suspension>\n#6      AggregatedHook._invokeHooks (package:gherkin/src/hooks/aggregated_hook.dart:94:9)\n<asynchronous suspension>\n#7      GherkinIntegrationTestRunner._onAfterStepRun (package:flutter_gherkin/src/flutter/runners/gherkin_integration_test_runner.dart:478:5)\n<asynchronous suspension>\n#8      GherkinIntegrationTestRunner.runStep (package:flutter_gherkin/src/flutter/runners/gherkin_integration_test_runner.dart:386:5)\n<asynchronous suspension>\n#9      _CustomGherkinIntegrationTestRunner.testFeature0.<anonymous closure>.<anonymous closure> (file:///Users/felipepassos/Documents/github/flutter_bdd/integration_test/gherkin_suite_test.g.dart:149:22)\n<asynchronous suspension>\n#10     GherkinIntegrationTestRunner.runScenario.<anonymous closure> (package:flutter_gherkin/src/flutter/runners/gherkin_integration_test_runner.dart:224:32)\n<asynchronous suspension>\n#11     testWidgets.<anonymous closure>.<anonymous closure> (package:flutter_test/src/widget_tester.dart:171:15)\n<asynchronous suspension>\n#12     TestWidgetsFlutterBinding._runTestBody (package:flutter_test/src/binding.dart:935:5)\n<asynchronous suspension>\n"}]}]},{"keyword":"Scenario","type":"scenario","id":"signing screen with email and password validation;user enters an invalid email format and sees an error message","name":"User enters an invalid email format and sees an error message","line":1,"status":"failed","steps":[{"keyword":null,"name":"Unnamed","line":0,"match":{"location":"null:0"},"result":{"status":"failed","duration":0,"error_message":"GherkinStepNotDefinedException: Step definition not found for text: `Then the user sees an error message that the email format is invalid`\n\n#0      GherkinIntegrationTestRunner.runStep (package:flutter_gherkin/src/flutter/runners/gherkin_integration_test_runner.dart:337:9)\n#1      _CustomGherkinIntegrationTestRunner.testFeature0.<anonymous closure>.<anonymous closure> (file:///Users/felipepassos/Documents/github/flutter_bdd/integration_test/gherkin_suite_test.g.dart:208:28)\n#2      GherkinIntegrationTestRunner.runScenario.<anonymous closure> (package:flutter_gherkin/src/flutter/runners/gherkin_integration_test_runner.dart:224:46)\n<asynchronous suspension>\n#3      testWidgets.<anonymous closure>.<anonymous closure> (package:flutter_test/src/widget_tester.dart:171:15)\n<asynchronous suspension>\n#4      TestWidgetsFlutterBinding._runTestBody (package:flutter_test/src/binding.dart:935:5)\n<asynchronous suspension>\n"},"embeddings":[{"mime_type":"text/plain","data":"Failed to take screenshot\nMissingPluginException(No implementation found for method captureScreenshot on channel plugins.flutter.io/integration_test)\n#0      MethodChannel._invokeMethod (package:flutter/src/services/platform_channel.dart:313:7)\n<asynchronous suspension>\n#1      IOCallbackManager.takeScreenshot (package:integration_test/_callback_io.dart:94:33)\n<asynchronous suspension>\n#2      IntegrationTestWidgetsFlutterBinding.takeScreenshot (package:integration_test/integration_test.dart:190:39)\n<asynchronous suspension>\n#3      WidgetTesterAppDriverAdapter.screenshot (package:flutter_gherkin/src/flutter/adapters/widget_tester_app_driver_adapter.dart:113:14)\n<asynchronous suspension>\n#4      AttachScreenshotOnFailedStepHook._takeScreenshot (package:flutter_gherkin/src/flutter/hooks/attach_screenshot_on_failed_step_hook.dart:26:19)\n<asynchronous suspension>\n#5      AttachScreenshotOnFailedStepHook.onAfterStep (package:flutter_gherkin/src/flutter/hooks/attach_screenshot_on_failed_step_hook.dart:17:32)\n<asynchronous suspension>\n#6      AggregatedHook._invokeHooks (package:gherkin/src/hooks/aggregated_hook.dart:94:9)\n<asynchronous suspension>\n#7      GherkinIntegrationTestRunner._onAfterStepRun (package:flutter_gherkin/src/flutter/runners/gherkin_integration_test_runner.dart:478:5)\n<asynchronous suspension>\n#8      GherkinIntegrationTestRunner.runStep (package:flutter_gherkin/src/flutter/runners/gherkin_integration_test_runner.dart:386:5)\n<asynchronous suspension>\n#9      _CustomGherkinIntegrationTestRunner.testFeature0.<anonymous closure>.<anonymous closure> (file:///Users/felipepassos/Documents/github/flutter_bdd/integration_test/gherkin_suite_test.g.dart:208:22)\n<asynchronous suspension>\n#10     GherkinIntegrationTestRunner.runScenario.<anonymous closure> (package:flutter_gherkin/src/flutter/runners/gherkin_integration_test_runner.dart:224:32)\n<asynchronous suspension>\n#11     testWidgets.<anonymous closure>.<anonymous closure> (package:flutter_test/src/widget_tester.dart:171:15)\n<asynchronous suspension>\n#12     TestWidgetsFlutterBinding._runTestBody (package:flutter_test/src/binding.dart:935:5)\n<asynchronous suspension>\n"},{"mime_type":"text/plain","data":"Failed to take screenshot\nMissingPluginException(No implementation found for method captureScreenshot on channel plugins.flutter.io/integration_test)\n#0      MethodChannel._invokeMethod (package:flutter/src/services/platform_channel.dart:313:7)\n<asynchronous suspension>\n#1      IOCallbackManager.takeScreenshot (package:integration_test/_callback_io.dart:94:33)\n<asynchronous suspension>\n#2      IntegrationTestWidgetsFlutterBinding.takeScreenshot (package:integration_test/integration_test.dart:190:39)\n<asynchronous suspension>\n#3      WidgetTesterAppDriverAdapter.screenshot (package:flutter_gherkin/src/flutter/adapters/widget_tester_app_driver_adapter.dart:113:14)\n<asynchronous suspension>\n#4      takeScreenshot (file:///Users/felipepassos/Documents/github/flutter_bdd/integration_test/gherkin/hooks/attach_screenshot_after_step_hook.dart:25:17)\n<asynchronous suspension>\n#5      AttachScreenshotAfterStepHook.onAfterStep (file:///Users/felipepassos/Documents/github/flutter_bdd/integration_test/gherkin/hooks/attach_screenshot_after_step_hook.dart:14:30)\n<asynchronous suspension>\n#6      AggregatedHook._invokeHooks (package:gherkin/src/hooks/aggregated_hook.dart:94:9)\n<asynchronous suspension>\n#7      GherkinIntegrationTestRunner._onAfterStepRun (package:flutter_gherkin/src/flutter/runners/gherkin_integration_test_runner.dart:478:5)\n<asynchronous suspension>\n#8      GherkinIntegrationTestRunner.runStep (package:flutter_gherkin/src/flutter/runners/gherkin_integration_test_runner.dart:386:5)\n<asynchronous suspension>\n#9      _CustomGherkinIntegrationTestRunner.testFeature0.<anonymous closure>.<anonymous closure> (file:///Users/felipepassos/Documents/github/flutter_bdd/integration_test/gherkin_suite_test.g.dart:208:22)\n<asynchronous suspension>\n#10     GherkinIntegrationTestRunner.runScenario.<anonymous closure> (package:flutter_gherkin/src/flutter/runners/gherkin_integration_test_runner.dart:224:32)\n<asynchronous suspension>\n#11     testWidgets.<anonymous closure>.<anonymous closure> (package:flutter_test/src/widget_tester.dart:171:15)\n<asynchronous suspension>\n#12     TestWidgetsFlutterBinding._runTestBody (package:flutter_test/src/binding.dart:935:5)\n<asynchronous suspension>\n"}]}]},{"keyword":"Scenario","type":"scenario","id":"signing screen with email and password validation;user leaves email or password field empty and sees an error message","name":"User leaves email or password field empty and sees an error message","line":1,"status":"failed","steps":[{"keyword":null,"name":"Unnamed","line":0,"match":{"location":"null:0"},"result":{"status":"failed","duration":0,"error_message":"GherkinStepNotDefinedException: Step definition not found for text: `Then the user sees an error message that the email or password field is required`\n\n#0      GherkinIntegrationTestRunner.runStep (package:flutter_gherkin/src/flutter/runners/gherkin_integration_test_runner.dart:337:9)\n#1      _CustomGherkinIntegrationTestRunner.testFeature0.<anonymous closure>.<anonymous closure> (file:///Users/felipepassos/Documents/github/flutter_bdd/integration_test/gherkin_suite_test.g.dart:268:28)\n#2      GherkinIntegrationTestRunner.runScenario.<anonymous closure> (package:flutter_gherkin/src/flutter/runners/gherkin_integration_test_runner.dart:224:46)\n<asynchronous suspension>\n#3      testWidgets.<anonymous closure>.<anonymous closure> (package:flutter_test/src/widget_tester.dart:171:15)\n<asynchronous suspension>\n#4      TestWidgetsFlutterBinding._runTestBody (package:flutter_test/src/binding.dart:935:5)\n<asynchronous suspension>\n"},"embeddings":[{"mime_type":"text/plain","data":"Failed to take screenshot\nMissingPluginException(No implementation found for method captureScreenshot on channel plugins.flutter.io/integration_test)\n#0      MethodChannel._invokeMethod (package:flutter/src/services/platform_channel.dart:313:7)\n<asynchronous suspension>\n#1      IOCallbackManager.takeScreenshot (package:integration_test/_callback_io.dart:94:33)\n<asynchronous suspension>\n#2      IntegrationTestWidgetsFlutterBinding.takeScreenshot (package:integration_test/integration_test.dart:190:39)\n<asynchronous suspension>\n#3      WidgetTesterAppDriverAdapter.screenshot (package:flutter_gherkin/src/flutter/adapters/widget_tester_app_driver_adapter.dart:113:14)\n<asynchronous suspension>\n#4      AttachScreenshotOnFailedStepHook._takeScreenshot (package:flutter_gherkin/src/flutter/hooks/attach_screenshot_on_failed_step_hook.dart:26:19)\n<asynchronous suspension>\n#5      AttachScreenshotOnFailedStepHook.onAfterStep (package:flutter_gherkin/src/flutter/hooks/attach_screenshot_on_failed_step_hook.dart:17:32)\n<asynchronous suspension>\n#6      AggregatedHook._invokeHooks (package:gherkin/src/hooks/aggregated_hook.dart:94:9)\n<asynchronous suspension>\n#7      GherkinIntegrationTestRunner._onAfterStepRun (package:flutter_gherkin/src/flutter/runners/gherkin_integration_test_runner.dart:478:5)\n<asynchronous suspension>\n#8      GherkinIntegrationTestRunner.runStep (package:flutter_gherkin/src/flutter/runners/gherkin_integration_test_runner.dart:386:5)\n<asynchronous suspension>\n#9      _CustomGherkinIntegrationTestRunner.testFeature0.<anonymous closure>.<anonymous closure> (file:///Users/felipepassos/Documents/github/flutter_bdd/integration_test/gherkin_suite_test.g.dart:268:22)\n<asynchronous suspension>\n#10     GherkinIntegrationTestRunner.runScenario.<anonymous closure> (package:flutter_gherkin/src/flutter/runners/gherkin_integration_test_runner.dart:224:32)\n<asynchronous suspension>\n#11     testWidgets.<anonymous closure>.<anonymous closure> (package:flutter_test/src/widget_tester.dart:171:15)\n<asynchronous suspension>\n#12     TestWidgetsFlutterBinding._runTestBody (package:flutter_test/src/binding.dart:935:5)\n<asynchronous suspension>\n"},{"mime_type":"text/plain","data":"Failed to take screenshot\nMissingPluginException(No implementation found for method captureScreenshot on channel plugins.flutter.io/integration_test)\n#0      MethodChannel._invokeMethod (package:flutter/src/services/platform_channel.dart:313:7)\n<asynchronous suspension>\n#1      IOCallbackManager.takeScreenshot (package:integration_test/_callback_io.dart:94:33)\n<asynchronous suspension>\n#2      IntegrationTestWidgetsFlutterBinding.takeScreenshot (package:integration_test/integration_test.dart:190:39)\n<asynchronous suspension>\n#3      WidgetTesterAppDriverAdapter.screenshot (package:flutter_gherkin/src/flutter/adapters/widget_tester_app_driver_adapter.dart:113:14)\n<asynchronous suspension>\n#4      takeScreenshot (file:///Users/felipepassos/Documents/github/flutter_bdd/integration_test/gherkin/hooks/attach_screenshot_after_step_hook.dart:25:17)\n<asynchronous suspension>\n#5      AttachScreenshotAfterStepHook.onAfterStep (file:///Users/felipepassos/Documents/github/flutter_bdd/integration_test/gherkin/hooks/attach_screenshot_after_step_hook.dart:14:30)\n<asynchronous suspension>\n#6      AggregatedHook._invokeHooks (package:gherkin/src/hooks/aggregated_hook.dart:94:9)\n<asynchronous suspension>\n#7      GherkinIntegrationTestRunner._onAfterStepRun (package:flutter_gherkin/src/flutter/runners/gherkin_integration_test_runner.dart:478:5)\n<asynchronous suspension>\n#8      GherkinIntegrationTestRunner.runStep (package:flutter_gherkin/src/flutter/runners/gherkin_integration_test_runner.dart:386:5)\n<asynchronous suspension>\n#9      _CustomGherkinIntegrationTestRunner.testFeature0.<anonymous closure>.<anonymous closure> (file:///Users/felipepassos/Documents/github/flutter_bdd/integration_test/gherkin_suite_test.g.dart:268:22)\n<asynchronous suspension>\n#10     GherkinIntegrationTestRunner.runScenario.<anonymous closure> (package:flutter_gherkin/src/flutter/runners/gherkin_integration_test_runner.dart:224:32)\n<asynchronous suspension>\n#11     testWidgets.<anonymous closure>.<anonymous closure> (package:flutter_test/src/widget_tester.dart:171:15)\n<asynchronous suspension>\n#12     TestWidgetsFlutterBinding._runTestBody (package:flutter_test/src/binding.dart:935:5)\n<asynchronous suspension>\n"}]}]}]},{"id":"onboard page with registration and sign in buttons","keyword":"Feature","line":1,"name":"Onboard Page with Registration and Sign In Buttons","uri":"/Users/felipepassos/Documents/github/flutter_bdd/./integration_test/features/onboard.feature","elements":[{"keyword":"Scenario","type":"scenario","id":"onboard page with registration and sign in buttons;user opens the app and sees the onboard page","name":"User opens the app and sees the onboard page","line":1,"status":"failed","steps":[{"keyword":null,"name":"Unnamed","line":0,"match":{"location":"null:0"},"result":{"status":"failed","duration":0,"error_message":"GherkinStepNotDefinedException: Step definition not found for text: `Given the user opens the app`\n\n#0      GherkinIntegrationTestRunner.runStep (package:flutter_gherkin/src/flutter/runners/gherkin_integration_test_runner.dart:337:9)\n#1      _CustomGherkinIntegrationTestRunner.testFeature1.<anonymous closure>.<anonymous closure> (file:///Users/felipepassos/Documents/github/flutter_bdd/integration_test/gherkin_suite_test.g.dart:306:28)\n#2      GherkinIntegrationTestRunner.runScenario.<anonymous closure> (package:flutter_gherkin/src/flutter/runners/gherkin_integration_test_runner.dart:224:46)\n<asynchronous suspension>\n#3      testWidgets.<anonymous closure>.<anonymous closure> (package:flutter_test/src/widget_tester.dart:171:15)\n<asynchronous suspension>\n#4      TestWidgetsFlutterBinding._runTestBody (package:flutter_test/src/binding.dart:935:5)\n<asynchronous suspension>\n"},"embeddings":[{"mime_type":"text/plain","data":"Failed to take screenshot\nMissingPluginException(No implementation found for method captureScreenshot on channel plugins.flutter.io/integration_test)\n#0      MethodChannel._invokeMethod (package:flutter/src/services/platform_channel.dart:313:7)\n<asynchronous suspension>\n#1      IOCallbackManager.takeScreenshot (package:integration_test/_callback_io.dart:94:33)\n<asynchronous suspension>\n#2      IntegrationTestWidgetsFlutterBinding.takeScreenshot (package:integration_test/integration_test.dart:190:39)\n<asynchronous suspension>\n#3      WidgetTesterAppDriverAdapter.screenshot (package:flutter_gherkin/src/flutter/adapters/widget_tester_app_driver_adapter.dart:113:14)\n<asynchronous suspension>\n#4      AttachScreenshotOnFailedStepHook._takeScreenshot (package:flutter_gherkin/src/flutter/hooks/attach_screenshot_on_failed_step_hook.dart:26:19)\n<asynchronous suspension>\n#5      AttachScreenshotOnFailedStepHook.onAfterStep (package:flutter_gherkin/src/flutter/hooks/attach_screenshot_on_failed_step_hook.dart:17:32)\n<asynchronous suspension>\n#6      AggregatedHook._invokeHooks (package:gherkin/src/hooks/aggregated_hook.dart:94:9)\n<asynchronous suspension>\n#7      GherkinIntegrationTestRunner._onAfterStepRun (package:flutter_gherkin/src/flutter/runners/gherkin_integration_test_runner.dart:478:5)\n<asynchronous suspension>\n#8      GherkinIntegrationTestRunner.runStep (package:flutter_gherkin/src/flutter/runners/gherkin_integration_test_runner.dart:386:5)\n<asynchronous suspension>\n#9      _CustomGherkinIntegrationTestRunner.testFeature1.<anonymous closure>.<anonymous closure> (file:///Users/felipepassos/Documents/github/flutter_bdd/integration_test/gherkin_suite_test.g.dart:306:22)\n<asynchronous suspension>\n#10     GherkinIntegrationTestRunner.runScenario.<anonymous closure> (package:flutter_gherkin/src/flutter/runners/gherkin_integration_test_runner.dart:224:32)\n<asynchronous suspension>\n#11     testWidgets.<anonymous closure>.<anonymous closure> (package:flutter_test/src/widget_tester.dart:171:15)\n<asynchronous suspension>\n#12     TestWidgetsFlutterBinding._runTestBody (package:flutter_test/src/binding.dart:935:5)\n<asynchronous suspension>\n"},{"mime_type":"text/plain","data":"Failed to take screenshot\nMissingPluginException(No implementation found for method captureScreenshot on channel plugins.flutter.io/integration_test)\n#0      MethodChannel._invokeMethod (package:flutter/src/services/platform_channel.dart:313:7)\n<asynchronous suspension>\n#1      IOCallbackManager.takeScreenshot (package:integration_test/_callback_io.dart:94:33)\n<asynchronous suspension>\n#2      IntegrationTestWidgetsFlutterBinding.takeScreenshot (package:integration_test/integration_test.dart:190:39)\n<asynchronous suspension>\n#3      WidgetTesterAppDriverAdapter.screenshot (package:flutter_gherkin/src/flutter/adapters/widget_tester_app_driver_adapter.dart:113:14)\n<asynchronous suspension>\n#4      takeScreenshot (file:///Users/felipepassos/Documents/github/flutter_bdd/integration_test/gherkin/hooks/attach_screenshot_after_step_hook.dart:25:17)\n<asynchronous suspension>\n#5      AttachScreenshotAfterStepHook.onAfterStep (file:///Users/felipepassos/Documents/github/flutter_bdd/integration_test/gherkin/hooks/attach_screenshot_after_step_hook.dart:14:30)\n<asynchronous suspension>\n#6      AggregatedHook._invokeHooks (package:gherkin/src/hooks/aggregated_hook.dart:94:9)\n<asynchronous suspension>\n#7      GherkinIntegrationTestRunner._onAfterStepRun (package:flutter_gherkin/src/flutter/runners/gherkin_integration_test_runner.dart:478:5)\n<asynchronous suspension>\n#8      GherkinIntegrationTestRunner.runStep (package:flutter_gherkin/src/flutter/runners/gherkin_integration_test_runner.dart:386:5)\n<asynchronous suspension>\n#9      _CustomGherkinIntegrationTestRunner.testFeature1.<anonymous closure>.<anonymous closure> (file:///Users/felipepassos/Documents/github/flutter_bdd/integration_test/gherkin_suite_test.g.dart:306:22)\n<asynchronous suspension>\n#10     GherkinIntegrationTestRunner.runScenario.<anonymous closure> (package:flutter_gherkin/src/flutter/runners/gherkin_integration_test_runner.dart:224:32)\n<asynchronous suspension>\n#11     testWidgets.<anonymous closure>.<anonymous closure> (package:flutter_test/src/widget_tester.dart:171:15)\n<asynchronous suspension>\n#12     TestWidgetsFlutterBinding._runTestBody (package:flutter_test/src/binding.dart:935:5)\n<asynchronous suspension>\n"}]},{"keyword":"Then ","name":"I expect the button \"register\" to be present within 3 seconds","line":1,"match":{"location":":1"},"result":{"status":"skipped","duration":0},"embeddings":[{"mime_type":"text/plain","data":"Failed to take screenshot\nMissingPluginException(No implementation found for method captureScreenshot on channel plugins.flutter.io/integration_test)\n#0      MethodChannel._invokeMethod (package:flutter/src/services/platform_channel.dart:313:7)\n<asynchronous suspension>\n#1      IOCallbackManager.takeScreenshot (package:integration_test/_callback_io.dart:94:33)\n<asynchronous suspension>\n#2      IntegrationTestWidgetsFlutterBinding.takeScreenshot (package:integration_test/integration_test.dart:190:39)\n<asynchronous suspension>\n#3      WidgetTesterAppDriverAdapter.screenshot (package:flutter_gherkin/src/flutter/adapters/widget_tester_app_driver_adapter.dart:113:14)\n<asynchronous suspension>\n#4      takeScreenshot (file:///Users/felipepassos/Documents/github/flutter_bdd/integration_test/gherkin/hooks/attach_screenshot_after_step_hook.dart:25:17)\n<asynchronous suspension>\n#5      AttachScreenshotAfterStepHook.onAfterStep (file:///Users/felipepassos/Documents/github/flutter_bdd/integration_test/gherkin/hooks/attach_screenshot_after_step_hook.dart:14:30)\n<asynchronous suspension>\n#6      AggregatedHook._invokeHooks (package:gherkin/src/hooks/aggregated_hook.dart:94:9)\n<asynchronous suspension>\n#7      GherkinIntegrationTestRunner._onAfterStepRun (package:flutter_gherkin/src/flutter/runners/gherkin_integration_test_runner.dart:478:5)\n<asynchronous suspension>\n#8      GherkinIntegrationTestRunner.runStep (package:flutter_gherkin/src/flutter/runners/gherkin_integration_test_runner.dart:386:5)\n<asynchronous suspension>\n#9      _CustomGherkinIntegrationTestRunner.testFeature1.<anonymous closure>.<anonymous closure> (file:///Users/felipepassos/Documents/github/flutter_bdd/integration_test/gherkin_suite_test.g.dart:318:22)\n<asynchronous suspension>\n#10     GherkinIntegrationTestRunner.runScenario.<anonymous closure> (package:flutter_gherkin/src/flutter/runners/gherkin_integration_test_runner.dart:224:32)\n<asynchronous suspension>\n#11     testWidgets.<anonymous closure>.<anonymous closure> (package:flutter_test/src/widget_tester.dart:171:15)\n<asynchronous suspension>\n#12     TestWidgetsFlutterBinding._runTestBody (package:flutter_test/src/binding.dart:935:5)\n<asynchronous suspension>\n"}]},{"keyword":"And ","name":"I expect the button \"signin\" to be present within 1 seconds","line":1,"match":{"location":":1"},"result":{"status":"skipped","duration":0},"embeddings":[{"mime_type":"text/plain","data":"Failed to take screenshot\nMissingPluginException(No implementation found for method captureScreenshot on channel plugins.flutter.io/integration_test)\n#0      MethodChannel._invokeMethod (package:flutter/src/services/platform_channel.dart:313:7)\n<asynchronous suspension>\n#1      IOCallbackManager.takeScreenshot (package:integration_test/_callback_io.dart:94:33)\n<asynchronous suspension>\n#2      IntegrationTestWidgetsFlutterBinding.takeScreenshot (package:integration_test/integration_test.dart:190:39)\n<asynchronous suspension>\n#3      WidgetTesterAppDriverAdapter.screenshot (package:flutter_gherkin/src/flutter/adapters/widget_tester_app_driver_adapter.dart:113:14)\n<asynchronous suspension>\n#4      takeScreenshot (file:///Users/felipepassos/Documents/github/flutter_bdd/integration_test/gherkin/hooks/attach_screenshot_after_step_hook.dart:25:17)\n<asynchronous suspension>\n#5      AttachScreenshotAfterStepHook.onAfterStep (file:///Users/felipepassos/Documents/github/flutter_bdd/integration_test/gherkin/hooks/attach_screenshot_after_step_hook.dart:14:30)\n<asynchronous suspension>\n#6      AggregatedHook._invokeHooks (package:gherkin/src/hooks/aggregated_hook.dart:94:9)\n<asynchronous suspension>\n#7      GherkinIntegrationTestRunner._onAfterStepRun (package:flutter_gherkin/src/flutter/runners/gherkin_integration_test_runner.dart:478:5)\n<asynchronous suspension>\n#8      GherkinIntegrationTestRunner.runStep (package:flutter_gherkin/src/flutter/runners/gherkin_integration_test_runner.dart:386:5)\n<asynchronous suspension>\n#9      _CustomGherkinIntegrationTestRunner.testFeature1.<anonymous closure>.<anonymous closure> (file:///Users/felipepassos/Documents/github/flutter_bdd/integration_test/gherkin_suite_test.g.dart:331:22)\n<asynchronous suspension>\n#10     GherkinIntegrationTestRunner.runScenario.<anonymous closure> (package:flutter_gherkin/src/flutter/runners/gherkin_integration_test_runner.dart:224:32)\n<asynchronous suspension>\n#11     testWidgets.<anonymous closure>.<anonymous closure> (package:flutter_test/src/widget_tester.dart:171:15)\n<asynchronous suspension>\n#12     TestWidgetsFlutterBinding._runTestBody (package:flutter_test/src/binding.dart:935:5)\n<asynchronous suspension>\n"}]}]},{"keyword":"Scenario","type":"scenario","id":"onboard page with registration and sign in buttons;user taps on the \"register\" button and is taken to the registration page","name":"User taps on the \"Register\" button and is taken to the registration page","line":1,"status":"failed","steps":[{"keyword":null,"name":"Unnamed","line":0,"match":{"location":"null:0"},"result":{"status":"failed","duration":0,"error_message":"GherkinStepNotDefinedException: Step definition not found for text: `Given the user is on the \"onboard\" page`\n\n#0      GherkinIntegrationTestRunner.runStep (package:flutter_gherkin/src/flutter/runners/gherkin_integration_test_runner.dart:337:9)\n#1      _CustomGherkinIntegrationTestRunner.testFeature1.<anonymous closure>.<anonymous closure> (file:///Users/felipepassos/Documents/github/flutter_bdd/integration_test/gherkin_suite_test.g.dart:362:28)\n#2      GherkinIntegrationTestRunner.runScenario.<anonymous closure> (package:flutter_gherkin/src/flutter/runners/gherkin_integration_test_runner.dart:224:46)\n<asynchronous suspension>\n#3      testWidgets.<anonymous closure>.<anonymous closure> (package:flutter_test/src/widget_tester.dart:171:15)\n<asynchronous suspension>\n#4      TestWidgetsFlutterBinding._runTestBody (package:flutter_test/src/binding.dart:935:5)\n<asynchronous suspension>\n"},"embeddings":[{"mime_type":"text/plain","data":"Failed to take screenshot\nMissingPluginException(No implementation found for method captureScreenshot on channel plugins.flutter.io/integration_test)\n#0      MethodChannel._invokeMethod (package:flutter/src/services/platform_channel.dart:313:7)\n<asynchronous suspension>\n#1      IOCallbackManager.takeScreenshot (package:integration_test/_callback_io.dart:94:33)\n<asynchronous suspension>\n#2      IntegrationTestWidgetsFlutterBinding.takeScreenshot (package:integration_test/integration_test.dart:190:39)\n<asynchronous suspension>\n#3      WidgetTesterAppDriverAdapter.screenshot (package:flutter_gherkin/src/flutter/adapters/widget_tester_app_driver_adapter.dart:113:14)\n<asynchronous suspension>\n#4      AttachScreenshotOnFailedStepHook._takeScreenshot (package:flutter_gherkin/src/flutter/hooks/attach_screenshot_on_failed_step_hook.dart:26:19)\n<asynchronous suspension>\n#5      AttachScreenshotOnFailedStepHook.onAfterStep (package:flutter_gherkin/src/flutter/hooks/attach_screenshot_on_failed_step_hook.dart:17:32)\n<asynchronous suspension>\n#6      AggregatedHook._invokeHooks (package:gherkin/src/hooks/aggregated_hook.dart:94:9)\n<asynchronous suspension>\n#7      GherkinIntegrationTestRunner._onAfterStepRun (package:flutter_gherkin/src/flutter/runners/gherkin_integration_test_runner.dart:478:5)\n<asynchronous suspension>\n#8      GherkinIntegrationTestRunner.runStep (package:flutter_gherkin/src/flutter/runners/gherkin_integration_test_runner.dart:386:5)\n<asynchronous suspension>\n#9      _CustomGherkinIntegrationTestRunner.testFeature1.<anonymous closure>.<anonymous closure> (file:///Users/felipepassos/Documents/github/flutter_bdd/integration_test/gherkin_suite_test.g.dart:362:22)\n<asynchronous suspension>\n#10     GherkinIntegrationTestRunner.runScenario.<anonymous closure> (package:flutter_gherkin/src/flutter/runners/gherkin_integration_test_runner.dart:224:32)\n<asynchronous suspension>\n#11     testWidgets.<anonymous closure>.<anonymous closure> (package:flutter_test/src/widget_tester.dart:171:15)\n<asynchronous suspension>\n#12     TestWidgetsFlutterBinding._runTestBody (package:flutter_test/src/binding.dart:935:5)\n<asynchronous suspension>\n"},{"mime_type":"text/plain","data":"Failed to take screenshot\nMissingPluginException(No implementation found for method captureScreenshot on channel plugins.flutter.io/integration_test)\n#0      MethodChannel._invokeMethod (package:flutter/src/services/platform_channel.dart:313:7)\n<asynchronous suspension>\n#1      IOCallbackManager.takeScreenshot (package:integration_test/_callback_io.dart:94:33)\n<asynchronous suspension>\n#2      IntegrationTestWidgetsFlutterBinding.takeScreenshot (package:integration_test/integration_test.dart:190:39)\n<asynchronous suspension>\n#3      WidgetTesterAppDriverAdapter.screenshot (package:flutter_gherkin/src/flutter/adapters/widget_tester_app_driver_adapter.dart:113:14)\n<asynchronous suspension>\n#4      takeScreenshot (file:///Users/felipepassos/Documents/github/flutter_bdd/integration_test/gherkin/hooks/attach_screenshot_after_step_hook.dart:25:17)\n<asynchronous suspension>\n#5      AttachScreenshotAfterStepHook.onAfterStep (file:///Users/felipepassos/Documents/github/flutter_bdd/integration_test/gherkin/hooks/attach_screenshot_after_step_hook.dart:14:30)\n<asynchronous suspension>\n#6      AggregatedHook._invokeHooks (package:gherkin/src/hooks/aggregated_hook.dart:94:9)\n<asynchronous suspension>\n#7      GherkinIntegrationTestRunner._onAfterStepRun (package:flutter_gherkin/src/flutter/runners/gherkin_integration_test_runner.dart:478:5)\n<asynchronous suspension>\n#8      GherkinIntegrationTestRunner.runStep (package:flutter_gherkin/src/flutter/runners/gherkin_integration_test_runner.dart:386:5)\n<asynchronous suspension>\n#9      _CustomGherkinIntegrationTestRunner.testFeature1.<anonymous closure>.<anonymous closure> (file:///Users/felipepassos/Documents/github/flutter_bdd/integration_test/gherkin_suite_test.g.dart:362:22)\n<asynchronous suspension>\n#10     GherkinIntegrationTestRunner.runScenario.<anonymous closure> (package:flutter_gherkin/src/flutter/runners/gherkin_integration_test_runner.dart:224:32)\n<asynchronous suspension>\n#11     testWidgets.<anonymous closure>.<anonymous closure> (package:flutter_test/src/widget_tester.dart:171:15)\n<asynchronous suspension>\n#12     TestWidgetsFlutterBinding._runTestBody (package:flutter_test/src/binding.dart:935:5)\n<asynchronous suspension>\n"}]},{"keyword":"Then ","name":"I tap the \"register\" button","line":1,"match":{"location":":1"},"result":{"status":"skipped","duration":0},"embeddings":[{"mime_type":"text/plain","data":"Failed to take screenshot\nMissingPluginException(No implementation found for method captureScreenshot on channel plugins.flutter.io/integration_test)\n#0      MethodChannel._invokeMethod (package:flutter/src/services/platform_channel.dart:313:7)\n<asynchronous suspension>\n#1      IOCallbackManager.takeScreenshot (package:integration_test/_callback_io.dart:94:33)\n<asynchronous suspension>\n#2      IntegrationTestWidgetsFlutterBinding.takeScreenshot (package:integration_test/integration_test.dart:190:39)\n<asynchronous suspension>\n#3      WidgetTesterAppDriverAdapter.screenshot (package:flutter_gherkin/src/flutter/adapters/widget_tester_app_driver_adapter.dart:113:14)\n<asynchronous suspension>\n#4      takeScreenshot (file:///Users/felipepassos/Documents/github/flutter_bdd/integration_test/gherkin/hooks/attach_screenshot_after_step_hook.dart:25:17)\n<asynchronous suspension>\n#5      AttachScreenshotAfterStepHook.onAfterStep (file:///Users/felipepassos/Documents/github/flutter_bdd/integration_test/gherkin/hooks/attach_screenshot_after_step_hook.dart:14:30)\n<asynchronous suspension>\n#6      AggregatedHook._invokeHooks (package:gherkin/src/hooks/aggregated_hook.dart:94:9)\n<asynchronous suspension>\n#7      GherkinIntegrationTestRunner._onAfterStepRun (package:flutter_gherkin/src/flutter/runners/gherkin_integration_test_runner.dart:478:5)\n<asynchronous suspension>\n#8      GherkinIntegrationTestRunner.runStep (package:flutter_gherkin/src/flutter/runners/gherkin_integration_test_runner.dart:386:5)\n<asynchronous suspension>\n#9      _CustomGherkinIntegrationTestRunner.testFeature1.<anonymous closure>.<anonymous closure> (file:///Users/felipepassos/Documents/github/flutter_bdd/integration_test/gherkin_suite_test.g.dart:374:22)\n<asynchronous suspension>\n#10     GherkinIntegrationTestRunner.runScenario.<anonymous closure> (package:flutter_gherkin/src/flutter/runners/gherkin_integration_test_runner.dart:224:32)\n<asynchronous suspension>\n#11     testWidgets.<anonymous closure>.<anonymous closure> (package:flutter_test/src/widget_tester.dart:171:15)\n<asynchronous suspension>\n#12     TestWidgetsFlutterBinding._runTestBody (package:flutter_test/src/binding.dart:935:5)\n<asynchronous suspension>\n"}]},{"keyword":"And ","name":"I expect the text \"Register Page\" to be present","line":1,"match":{"location":":1"},"result":{"status":"skipped","duration":0},"embeddings":[{"mime_type":"text/plain","data":"Failed to take screenshot\nMissingPluginException(No implementation found for method captureScreenshot on channel plugins.flutter.io/integration_test)\n#0      MethodChannel._invokeMethod (package:flutter/src/services/platform_channel.dart:313:7)\n<asynchronous suspension>\n#1      IOCallbackManager.takeScreenshot (package:integration_test/_callback_io.dart:94:33)\n<asynchronous suspension>\n#2      IntegrationTestWidgetsFlutterBinding.takeScreenshot (package:integration_test/integration_test.dart:190:39)\n<asynchronous suspension>\n#3      WidgetTesterAppDriverAdapter.screenshot (package:flutter_gherkin/src/flutter/adapters/widget_tester_app_driver_adapter.dart:113:14)\n<asynchronous suspension>\n#4      takeScreenshot (file:///Users/felipepassos/Documents/github/flutter_bdd/integration_test/gherkin/hooks/attach_screenshot_after_step_hook.dart:25:17)\n<asynchronous suspension>\n#5      AttachScreenshotAfterStepHook.onAfterStep (file:///Users/felipepassos/Documents/github/flutter_bdd/integration_test/gherkin/hooks/attach_screenshot_after_step_hook.dart:14:30)\n<asynchronous suspension>\n#6      AggregatedHook._invokeHooks (package:gherkin/src/hooks/aggregated_hook.dart:94:9)\n<asynchronous suspension>\n#7      GherkinIntegrationTestRunner._onAfterStepRun (package:flutter_gherkin/src/flutter/runners/gherkin_integration_test_runner.dart:478:5)\n<asynchronous suspension>\n#8      GherkinIntegrationTestRunner.runStep (package:flutter_gherkin/src/flutter/runners/gherkin_integration_test_runner.dart:386:5)\n<asynchronous suspension>\n#9      _CustomGherkinIntegrationTestRunner.testFeature1.<anonymous closure>.<anonymous closure> (file:///Users/felipepassos/Documents/github/flutter_bdd/integration_test/gherkin_suite_test.g.dart:386:22)\n<asynchronous suspension>\n#10     GherkinIntegrationTestRunner.runScenario.<anonymous closure> (package:flutter_gherkin/src/flutter/runners/gherkin_integration_test_runner.dart:224:32)\n<asynchronous suspension>\n#11     testWidgets.<anonymous closure>.<anonymous closure> (package:flutter_test/src/widget_tester.dart:171:15)\n<asynchronous suspension>\n#12     TestWidgetsFlutterBinding._runTestBody (package:flutter_test/src/binding.dart:935:5)\n<asynchronous suspension>\n"}]}]},{"keyword":"Scenario","type":"scenario","id":"onboard page with registration and sign in buttons;user taps on the \"sign in\" button and is taken to the signins page","name":"User taps on the \"Sign In\" button and is taken to the signins page","line":1,"status":"failed","steps":[{"keyword":null,"name":"Unnamed","line":0,"match":{"location":"null:0"},"result":{"status":"failed","duration":0,"error_message":"GherkinStepNotDefinedException: Step definition not found for text: `Given the user is on the \"onboard\" page`\n\n#0      GherkinIntegrationTestRunner.runStep (package:flutter_gherkin/src/flutter/runners/gherkin_integration_test_runner.dart:337:9)\n#1      _CustomGherkinIntegrationTestRunner.testFeature1.<anonymous closure>.<anonymous closure> (file:///Users/felipepassos/Documents/github/flutter_bdd/integration_test/gherkin_suite_test.g.dart:409:28)\n#2      GherkinIntegrationTestRunner.runScenario.<anonymous closure> (package:flutter_gherkin/src/flutter/runners/gherkin_integration_test_runner.dart:224:46)\n<asynchronous suspension>\n#3      testWidgets.<anonymous closure>.<anonymous closure> (package:flutter_test/src/widget_tester.dart:171:15)\n<asynchronous suspension>\n#4      TestWidgetsFlutterBinding._runTestBody (package:flutter_test/src/binding.dart:935:5)\n<asynchronous suspension>\n"},"embeddings":[{"mime_type":"text/plain","data":"Failed to take screenshot\nMissingPluginException(No implementation found for method captureScreenshot on channel plugins.flutter.io/integration_test)\n#0      MethodChannel._invokeMethod (package:flutter/src/services/platform_channel.dart:313:7)\n<asynchronous suspension>\n#1      IOCallbackManager.takeScreenshot (package:integration_test/_callback_io.dart:94:33)\n<asynchronous suspension>\n#2      IntegrationTestWidgetsFlutterBinding.takeScreenshot (package:integration_test/integration_test.dart:190:39)\n<asynchronous suspension>\n#3      WidgetTesterAppDriverAdapter.screenshot (package:flutter_gherkin/src/flutter/adapters/widget_tester_app_driver_adapter.dart:113:14)\n<asynchronous suspension>\n#4      AttachScreenshotOnFailedStepHook._takeScreenshot (package:flutter_gherkin/src/flutter/hooks/attach_screenshot_on_failed_step_hook.dart:26:19)\n<asynchronous suspension>\n#5      AttachScreenshotOnFailedStepHook.onAfterStep (package:flutter_gherkin/src/flutter/hooks/attach_screenshot_on_failed_step_hook.dart:17:32)\n<asynchronous suspension>\n#6      AggregatedHook._invokeHooks (package:gherkin/src/hooks/aggregated_hook.dart:94:9)\n<asynchronous suspension>\n#7      GherkinIntegrationTestRunner._onAfterStepRun (package:flutter_gherkin/src/flutter/runners/gherkin_integration_test_runner.dart:478:5)\n<asynchronous suspension>\n#8      GherkinIntegrationTestRunner.runStep (package:flutter_gherkin/src/flutter/runners/gherkin_integration_test_runner.dart:386:5)\n<asynchronous suspension>\n#9      _CustomGherkinIntegrationTestRunner.testFeature1.<anonymous closure>.<anonymous closure> (file:///Users/felipepassos/Documents/github/flutter_bdd/integration_test/gherkin_suite_test.g.dart:409:22)\n<asynchronous suspension>\n#10     GherkinIntegrationTestRunner.runScenario.<anonymous closure> (package:flutter_gherkin/src/flutter/runners/gherkin_integration_test_runner.dart:224:32)\n<asynchronous suspension>\n#11     testWidgets.<anonymous closure>.<anonymous closure> (package:flutter_test/src/widget_tester.dart:171:15)\n<asynchronous suspension>\n#12     TestWidgetsFlutterBinding._runTestBody (package:flutter_test/src/binding.dart:935:5)\n<asynchronous suspension>\n"},{"mime_type":"text/plain","data":"Failed to take screenshot\nMissingPluginException(No implementation found for method captureScreenshot on channel plugins.flutter.io/integration_test)\n#0      MethodChannel._invokeMethod (package:flutter/src/services/platform_channel.dart:313:7)\n<asynchronous suspension>\n#1      IOCallbackManager.takeScreenshot (package:integration_test/_callback_io.dart:94:33)\n<asynchronous suspension>\n#2      IntegrationTestWidgetsFlutterBinding.takeScreenshot (package:integration_test/integration_test.dart:190:39)\n<asynchronous suspension>\n#3      WidgetTesterAppDriverAdapter.screenshot (package:flutter_gherkin/src/flutter/adapters/widget_tester_app_driver_adapter.dart:113:14)\n<asynchronous suspension>\n#4      takeScreenshot (file:///Users/felipepassos/Documents/github/flutter_bdd/integration_test/gherkin/hooks/attach_screenshot_after_step_hook.dart:25:17)\n<asynchronous suspension>\n#5      AttachScreenshotAfterStepHook.onAfterStep (file:///Users/felipepassos/Documents/github/flutter_bdd/integration_test/gherkin/hooks/attach_screenshot_after_step_hook.dart:14:30)\n<asynchronous suspension>\n#6      AggregatedHook._invokeHooks (package:gherkin/src/hooks/aggregated_hook.dart:94:9)\n<asynchronous suspension>\n#7      GherkinIntegrationTestRunner._onAfterStepRun (package:flutter_gherkin/src/flutter/runners/gherkin_integration_test_runner.dart:478:5)\n<asynchronous suspension>\n#8      GherkinIntegrationTestRunner.runStep (package:flutter_gherkin/src/flutter/runners/gherkin_integration_test_runner.dart:386:5)\n<asynchronous suspension>\n#9      _CustomGherkinIntegrationTestRunner.testFeature1.<anonymous closure>.<anonymous closure> (file:///Users/felipepassos/Documents/github/flutter_bdd/integration_test/gherkin_suite_test.g.dart:409:22)\n<asynchronous suspension>\n#10     GherkinIntegrationTestRunner.runScenario.<anonymous closure> (package:flutter_gherkin/src/flutter/runners/gherkin_integration_test_runner.dart:224:32)\n<asynchronous suspension>\n#11     testWidgets.<anonymous closure>.<anonymous closure> (package:flutter_test/src/widget_tester.dart:171:15)\n<asynchronous suspension>\n#12     TestWidgetsFlutterBinding._runTestBody (package:flutter_test/src/binding.dart:935:5)\n<asynchronous suspension>\n"}]},{"keyword":"Then ","name":"I tap the \"signin\" button","line":1,"match":{"location":":1"},"result":{"status":"skipped","duration":0},"embeddings":[{"mime_type":"text/plain","data":"Failed to take screenshot\nMissingPluginException(No implementation found for method captureScreenshot on channel plugins.flutter.io/integration_test)\n#0      MethodChannel._invokeMethod (package:flutter/src/services/platform_channel.dart:313:7)\n<asynchronous suspension>\n#1      IOCallbackManager.takeScreenshot (package:integration_test/_callback_io.dart:94:33)\n<asynchronous suspension>\n#2      IntegrationTestWidgetsFlutterBinding.takeScreenshot (package:integration_test/integration_test.dart:190:39)\n<asynchronous suspension>\n#3      WidgetTesterAppDriverAdapter.screenshot (package:flutter_gherkin/src/flutter/adapters/widget_tester_app_driver_adapter.dart:113:14)\n<asynchronous suspension>\n#4      takeScreenshot (file:///Users/felipepassos/Documents/github/flutter_bdd/integration_test/gherkin/hooks/attach_screenshot_after_step_hook.dart:25:17)\n<asynchronous suspension>\n#5      AttachScreenshotAfterStepHook.onAfterStep (file:///Users/felipepassos/Documents/github/flutter_bdd/integration_test/gherkin/hooks/attach_screenshot_after_step_hook.dart:14:30)\n<asynchronous suspension>\n#6      AggregatedHook._invokeHooks (package:gherkin/src/hooks/aggregated_hook.dart:94:9)\n<asynchronous suspension>\n#7      GherkinIntegrationTestRunner._onAfterStepRun (package:flutter_gherkin/src/flutter/runners/gherkin_integration_test_runner.dart:478:5)\n<asynchronous suspension>\n#8      GherkinIntegrationTestRunner.runStep (package:flutter_gherkin/src/flutter/runners/gherkin_integration_test_runner.dart:386:5)\n<asynchronous suspension>\n#9      _CustomGherkinIntegrationTestRunner.testFeature1.<anonymous closure>.<anonymous closure> (file:///Users/felipepassos/Documents/github/flutter_bdd/integration_test/gherkin_suite_test.g.dart:421:22)\n<asynchronous suspension>\n#10     GherkinIntegrationTestRunner.runScenario.<anonymous closure> (package:flutter_gherkin/src/flutter/runners/gherkin_integration_test_runner.dart:224:32)\n<asynchronous suspension>\n#11     testWidgets.<anonymous closure>.<anonymous closure> (package:flutter_test/src/widget_tester.dart:171:15)\n<asynchronous suspension>\n#12     TestWidgetsFlutterBinding._runTestBody (package:flutter_test/src/binding.dart:935:5)\n<asynchronous suspension>\n"}]},{"keyword":"And ","name":"I expect the text \"Signin Page\" to be present","line":1,"match":{"location":":1"},"result":{"status":"skipped","duration":0},"embeddings":[{"mime_type":"text/plain","data":"Failed to take screenshot\nMissingPluginException(No implementation found for method captureScreenshot on channel plugins.flutter.io/integration_test)\n#0      MethodChannel._invokeMethod (package:flutter/src/services/platform_channel.dart:313:7)\n<asynchronous suspension>\n#1      IOCallbackManager.takeScreenshot (package:integration_test/_callback_io.dart:94:33)\n<asynchronous suspension>\n#2      IntegrationTestWidgetsFlutterBinding.takeScreenshot (package:integration_test/integration_test.dart:190:39)\n<asynchronous suspension>\n#3      WidgetTesterAppDriverAdapter.screenshot (package:flutter_gherkin/src/flutter/adapters/widget_tester_app_driver_adapter.dart:113:14)\n<asynchronous suspension>\n#4      takeScreenshot (file:///Users/felipepassos/Documents/github/flutter_bdd/integration_test/gherkin/hooks/attach_screenshot_after_step_hook.dart:25:17)\n<asynchronous suspension>\n#5      AttachScreenshotAfterStepHook.onAfterStep (file:///Users/felipepassos/Documents/github/flutter_bdd/integration_test/gherkin/hooks/attach_screenshot_after_step_hook.dart:14:30)\n<asynchronous suspension>\n#6      AggregatedHook._invokeHooks (package:gherkin/src/hooks/aggregated_hook.dart:94:9)\n<asynchronous suspension>\n#7      GherkinIntegrationTestRunner._onAfterStepRun (package:flutter_gherkin/src/flutter/runners/gherkin_integration_test_runner.dart:478:5)\n<asynchronous suspension>\n#8      GherkinIntegrationTestRunner.runStep (package:flutter_gherkin/src/flutter/runners/gherkin_integration_test_runner.dart:386:5)\n<asynchronous suspension>\n#9      _CustomGherkinIntegrationTestRunner.testFeature1.<anonymous closure>.<anonymous closure> (file:///Users/felipepassos/Documents/github/flutter_bdd/integration_test/gherkin_suite_test.g.dart:433:22)\n<asynchronous suspension>\n#10     GherkinIntegrationTestRunner.runScenario.<anonymous closure> (package:flutter_gherkin/src/flutter/runners/gherkin_integration_test_runner.dart:224:32)\n<asynchronous suspension>\n#11     testWidgets.<anonymous closure>.<anonymous closure> (package:flutter_test/src/widget_tester.dart:171:15)\n<asynchronous suspension>\n#12     TestWidgetsFlutterBinding._runTestBody (package:flutter_test/src/binding.dart:935:5)\n<asynchronous suspension>\n"}]}]}]}]